<?xml version="1.0" encoding="UTF-8"?>
<!-- Generated by org.testng.reporters.JUnitXMLReporter -->
<testsuite ignored="0" hostname="LAPTOP-5DPDTI07" failures="1" tests="1" name="Surefire test" time="13.312" errors="0" timestamp="2025-11-10T07:27:01 IST">
  <testcase classname="api.tests.APITest" name="testGetUser" time="12.839">
    <failure type="java.lang.AssertionError" message="expected [200] but found [401]">
      <![CDATA[java.lang.AssertionError: expected [200] but found [401]
at api.tests.APITest.testGetUser(APITest.java:19)
at java.base/java.util.ArrayList.forEach(ArrayList.java:1604)
... Removed 37 stack frames]]>
    </failure>
  </testcase> <!-- testGetUser -->
</testsuite> <!-- Surefire test -->
